[22:15:55][135685702144512[INFO][asynclogger][DataManager.hpp:52]	DataManager construct start
[22:15:55][135685702144512[INFO][asynclogger][Config.hpp:38]	ReadConfig start
[22:15:55][135685702144512[INFO][asynclogger][Config.hpp:31]	ReadConfig complicate
[22:15:55][135685702144512[INFO][asynclogger][DataManager.hpp:67]	init datamanager
[22:15:55][135685702144512[INFO][asynclogger][DataManager.hpp:58]	DataManager construct end
[22:15:55][135685514012224[DEBUG][asynclogger][Service.hpp:30]	Service start(Construct)
[22:15:55][135685514012224[DEBUG][asynclogger][Service.hpp:36]	Service end(Construct)
[22:15:55][135685514012224[INFO][asynclogger][Test.cpp:17]	service step in RunModule
[22:15:55][135685514012224[DEBUG][asynclogger][Service.hpp:68]	event_base_dispatch
[22:15:59][135685514012224[INFO][asynclogger][Service.hpp:92]	get req, uri: /
[22:15:59][135685514012224[INFO][asynclogger][Service.hpp:478]	ListShow()
[22:15:59][135685514012224[INFO][asynclogger][Service.hpp:516]	ListShow() finish
[22:15:59][135685514012224[INFO][asynclogger][Service.hpp:92]	get req, uri: /login
[22:16:00][135685514012224[INFO][asynclogger][Service.hpp:92]	get req, uri: /api/login
[22:16:00][135685514012224[INFO][asynclogger][Service.hpp:92]	get req, uri: /
[22:16:00][135685514012224[INFO][asynclogger][Service.hpp:478]	ListShow()
[22:16:00][135685514012224[INFO][asynclogger][Service.hpp:516]	ListShow() finish
[22:16:09][135685514012224[INFO][asynclogger][Service.hpp:92]	get req, uri: /upload
[22:16:09][135685514012224[INFO][asynclogger][Service.hpp:246]	Upload start
[22:16:09][135685514012224[INFO][asynclogger][Service.hpp:270]	evbuffer_get_length is 10972959
[22:16:09][135685514012224[DEBUG][asynclogger][Service.hpp:317]	storage_path:./low_storage/test.pptx
[22:16:09][135685514012224[INFO][asynclogger][Service.hpp:332]	low_storage success
[22:16:09][135685514012224[INFO][asynclogger][DataManager.hpp:18]	NewStorageInfo start
[22:16:09][135685514012224[INFO][asynclogger][DataManager.hpp:33]	download_url:/download/test.pptx,mtime_:Wed Mar  4 22:16:09 2026
,atime_:Wed Mar  4 22:16:09 2026
,fsize_:10972959
[22:16:09][135685514012224[INFO][asynclogger][DataManager.hpp:34]	NewStorageInfo end
[22:16:09][135685514012224[INFO][asynclogger][DataManager.hpp:142]	data_message Insert start
[22:16:09][135685514012224[INFO][asynclogger][DataManager.hpp:100]	message storage start
[22:16:09][135685514012224[INFO][asynclogger][DataManager.hpp:123]	new message for StorageInfo:[
	{
		"atime_" : 1772633769,
		"fsize_" : 10972959,
		"mtime_" : 1772633769,
		"storage_path_" : "./low_storage/test.pptx",
		"url_" : "/download/test.pptx"
	}
]
[22:16:09][135685514012224[INFO][asynclogger][DataManager.hpp:136]	message storage end
[22:16:09][135685514012224[INFO][asynclogger][DataManager.hpp:151]	data_message Insert end
[22:16:09][135685514012224[INFO][asynclogger][Service.hpp:355]	upload finish:success
[22:16:09][135685514012224[INFO][asynclogger][Service.hpp:92]	get req, uri: /
[22:16:09][135685514012224[INFO][asynclogger][Service.hpp:478]	ListShow()
[22:16:09][135685514012224[INFO][asynclogger][Service.hpp:516]	ListShow() finish
[22:16:51][135685514012224[INFO][asynclogger][Service.hpp:92]	get req, uri: /download/test.pptx
[22:16:51][135685514012224[INFO][asynclogger][Service.hpp:545]	request resource_path:/download/test.pptx
[22:16:51][135685514012224[INFO][asynclogger][Service.hpp:559]	request download_path:./low_storage/test.pptx
[22:16:51][135685514012224[INFO][asynclogger][Service.hpp:668]	evhttp_send_reply: HTTP_OK
[22:16:51][135685514012224[INFO][asynclogger][Service.hpp:92]	get req, uri: /download/test.pptx
[22:16:51][135685514012224[INFO][asynclogger][Service.hpp:545]	request resource_path:/download/test.pptx
[22:16:51][135685514012224[INFO][asynclogger][Service.hpp:559]	request download_path:./low_storage/test.pptx
[22:16:51][135685514012224[INFO][asynclogger][Service.hpp:668]	evhttp_send_reply: HTTP_OK
[22:16:51][135685514012224[INFO][asynclogger][Service.hpp:92]	get req, uri: /download/test.pptx
[22:16:51][135685514012224[INFO][asynclogger][Service.hpp:545]	request resource_path:/download/test.pptx
[22:16:51][135685514012224[INFO][asynclogger][Service.hpp:559]	request download_path:./low_storage/test.pptx
[22:16:51][135685514012224[INFO][asynclogger][Service.hpp:668]	evhttp_send_reply: HTTP_OK
[22:16:51][135685514012224[INFO][asynclogger][Service.hpp:92]	get req, uri: /download/test.pptx
[22:16:51][135685514012224[INFO][asynclogger][Service.hpp:545]	request resource_path:/download/test.pptx
[22:16:51][135685514012224[INFO][asynclogger][Service.hpp:559]	request download_path:./low_storage/test.pptx
[22:16:51][135685514012224[INFO][asynclogger][Service.hpp:668]	evhttp_send_reply: HTTP_OK
[22:16:51][135685514012224[INFO][asynclogger][Service.hpp:92]	get req, uri: /download/test.pptx
[22:16:51][135685514012224[INFO][asynclogger][Service.hpp:545]	request resource_path:/download/test.pptx
[22:16:51][135685514012224[INFO][asynclogger][Service.hpp:559]	request download_path:./low_storage/test.pptx
[22:16:51][135685514012224[INFO][asynclogger][Service.hpp:668]	evhttp_send_reply: HTTP_OK
[22:16:51][135685514012224[INFO][asynclogger][Service.hpp:92]	get req, uri: /download/test.pptx
[22:16:51][135685514012224[INFO][asynclogger][Service.hpp:545]	request resource_path:/download/test.pptx
[22:16:51][135685514012224[INFO][asynclogger][Service.hpp:559]	request download_path:./low_storage/test.pptx
[22:16:51][135685514012224[INFO][asynclogger][Service.hpp:668]	evhttp_send_reply: HTTP_OK
[22:16:51][135685514012224[INFO][asynclogger][Service.hpp:92]	get req, uri: /download/test.pptx
[22:16:51][135685514012224[INFO][asynclogger][Service.hpp:545]	request resource_path:/download/test.pptx
[22:16:51][135685514012224[INFO][asynclogger][Service.hpp:559]	request download_path:./low_storage/test.pptx
[22:16:51][135685514012224[INFO][asynclogger][Service.hpp:668]	evhttp_send_reply: HTTP_OK
[22:16:51][135685514012224[INFO][asynclogger][Service.hpp:92]	get req, uri: /download/test.pptx
[22:16:51][135685514012224[INFO][asynclogger][Service.hpp:545]	request resource_path:/download/test.pptx
[22:16:51][135685514012224[INFO][asynclogger][Service.hpp:559]	request download_path:./low_storage/test.pptx
[22:16:51][135685514012224[INFO][asynclogger][Service.hpp:668]	evhttp_send_reply: HTTP_OK
[22:16:51][135685514012224[INFO][asynclogger][Service.hpp:92]	get req, uri: /download/test.pptx
[22:16:51][135685514012224[INFO][asynclogger][Service.hpp:545]	request resource_path:/download/test.pptx
[22:16:51][135685514012224[INFO][asynclogger][Service.hpp:559]	request download_path:./low_storage/test.pptx
[22:16:51][135685514012224[INFO][asynclogger][Service.hpp:668]	evhttp_send_reply: HTTP_OK
[22:16:51][135685514012224[INFO][asynclogger][Service.hpp:92]	get req, uri: /download/test.pptx
[22:16:51][135685514012224[INFO][asynclogger][Service.hpp:545]	request resource_path:/download/test.pptx
[22:16:51][135685514012224[INFO][asynclogger][Service.hpp:559]	request download_path:./low_storage/test.pptx
[22:16:51][135685514012224[INFO][asynclogger][Service.hpp:668]	evhttp_send_reply: HTTP_OK
[22:16:51][135685514012224[INFO][asynclogger][Service.hpp:92]	get req, uri: /download/test.pptx
[22:16:51][135685514012224[INFO][asynclogger][Service.hpp:545]	request resource_path:/download/test.pptx
[22:16:51][135685514012224[INFO][asynclogger][Service.hpp:559]	request download_path:./low_storage/test.pptx
[22:16:51][135685514012224[INFO][asynclogger][Service.hpp:668]	evhttp_send_reply: HTTP_OK
[22:16:51][135685514012224[INFO][asynclogger][Service.hpp:92]	get req, uri: /download/test.pptx
[22:16:51][135685514012224[INFO][asynclogger][Service.hpp:545]	request resource_path:/download/test.pptx
[22:16:51][135685514012224[INFO][asynclogger][Service.hpp:559]	request download_path:./low_storage/test.pptx
[22:16:51][135685514012224[INFO][asynclogger][Service.hpp:668]	evhttp_send_reply: HTTP_OK
[22:16:51][135685514012224[INFO][asynclogger][Service.hpp:92]	get req, uri: /download/test.pptx
[22:16:51][135685514012224[INFO][asynclogger][Service.hpp:545]	request resource_path:/download/test.pptx
[22:16:51][135685514012224[INFO][asynclogger][Service.hpp:559]	request download_path:./low_storage/test.pptx
[22:16:51][135685514012224[INFO][asynclogger][Service.hpp:668]	evhttp_send_reply: HTTP_OK
[22:16:51][135685514012224[INFO][asynclogger][Service.hpp:92]	get req, uri: /download/test.pptx
[22:16:51][135685514012224[INFO][asynclogger][Service.hpp:545]	request resource_path:/download/test.pptx
[22:16:51][135685514012224[INFO][asynclogger][Service.hpp:559]	request download_path:./low_storage/test.pptx
[22:16:51][135685514012224[INFO][asynclogger][Service.hpp:668]	evhttp_send_reply: HTTP_OK
[22:16:51][135685514012224[INFO][asynclogger][Service.hpp:92]	get req, uri: /download/test.pptx
[22:16:51][135685514012224[INFO][asynclogger][Service.hpp:545]	request resource_path:/download/test.pptx
[22:16:51][135685514012224[INFO][asynclogger][Service.hpp:559]	request download_path:./low_storage/test.pptx
[22:16:51][135685514012224[INFO][asynclogger][Service.hpp:668]	evhttp_send_reply: HTTP_OK
[22:16:51][135685514012224[INFO][asynclogger][Service.hpp:92]	get req, uri: /download/test.pptx
[22:16:51][135685514012224[INFO][asynclogger][Service.hpp:545]	request resource_path:/download/test.pptx
[22:16:51][135685514012224[INFO][asynclogger][Service.hpp:559]	request download_path:./low_storage/test.pptx
[22:16:51][135685514012224[INFO][asynclogger][Service.hpp:668]	evhttp_send_reply: HTTP_OK
[22:16:51][135685514012224[INFO][asynclogger][Service.hpp:92]	get req, uri: /download/test.pptx
[22:16:51][135685514012224[INFO][asynclogger][Service.hpp:545]	request resource_path:/download/test.pptx
[22:16:51][135685514012224[INFO][asynclogger][Service.hpp:559]	request download_path:./low_storage/test.pptx
[22:16:51][135685514012224[INFO][asynclogger][Service.hpp:668]	evhttp_send_reply: HTTP_OK
[22:16:51][135685514012224[INFO][asynclogger][Service.hpp:92]	get req, uri: /download/test.pptx
[22:16:51][135685514012224[INFO][asynclogger][Service.hpp:545]	request resource_path:/download/test.pptx
[22:16:51][135685514012224[INFO][asynclogger][Service.hpp:559]	request download_path:./low_storage/test.pptx
[22:16:51][135685514012224[INFO][asynclogger][Service.hpp:668]	evhttp_send_reply: HTTP_OK
[22:16:51][135685514012224[INFO][asynclogger][Service.hpp:92]	get req, uri: /download/test.pptx
[22:16:51][135685514012224[INFO][asynclogger][Service.hpp:545]	request resource_path:/download/test.pptx
[22:16:51][135685514012224[INFO][asynclogger][Service.hpp:559]	request download_path:./low_storage/test.pptx
[22:16:51][135685514012224[INFO][asynclogger][Service.hpp:668]	evhttp_send_reply: HTTP_OK
[22:16:51][135685514012224[INFO][asynclogger][Service.hpp:92]	get req, uri: /download/test.pptx
[22:16:51][135685514012224[INFO][asynclogger][Service.hpp:545]	request resource_path:/download/test.pptx
[22:16:51][135685514012224[INFO][asynclogger][Service.hpp:559]	request download_path:./low_storage/test.pptx
[22:16:51][135685514012224[INFO][asynclogger][Service.hpp:668]	evhttp_send_reply: HTTP_OK
[22:16:52][135685514012224[INFO][asynclogger][Service.hpp:92]	get req, uri: /download/test.pptx
[22:16:52][135685514012224[INFO][asynclogger][Service.hpp:545]	request resource_path:/download/test.pptx
[22:16:52][135685514012224[INFO][asynclogger][Service.hpp:559]	request download_path:./low_storage/test.pptx
[22:16:52][135685514012224[INFO][asynclogger][Service.hpp:668]	evhttp_send_reply: HTTP_OK
[22:16:52][135685514012224[INFO][asynclogger][Service.hpp:92]	get req, uri: /download/test.pptx
[22:16:52][135685514012224[INFO][asynclogger][Service.hpp:545]	request resource_path:/download/test.pptx
[22:16:52][135685514012224[INFO][asynclogger][Service.hpp:559]	request download_path:./low_storage/test.pptx
[22:16:52][135685514012224[INFO][asynclogger][Service.hpp:668]	evhttp_send_reply: HTTP_OK
[22:16:52][135685514012224[INFO][asynclogger][Service.hpp:92]	get req, uri: /download/test.pptx
[22:16:52][135685514012224[INFO][asynclogger][Service.hpp:545]	request resource_path:/download/test.pptx
[22:16:52][135685514012224[INFO][asynclogger][Service.hpp:559]	request download_path:./low_storage/test.pptx
[22:16:52][135685514012224[INFO][asynclogger][Service.hpp:668]	evhttp_send_reply: HTTP_OK
[22:16:52][135685514012224[INFO][asynclogger][Service.hpp:92]	get req, uri: /download/test.pptx
[22:16:52][135685514012224[INFO][asynclogger][Service.hpp:545]	request resource_path:/download/test.pptx
[22:16:52][135685514012224[INFO][asynclogger][Service.hpp:559]	request download_path:./low_storage/test.pptx
[22:16:52][135685514012224[INFO][asynclogger][Service.hpp:668]	evhttp_send_reply: HTTP_OK
[22:16:52][135685514012224[INFO][asynclogger][Service.hpp:92]	get req, uri: /download/test.pptx
[22:16:52][135685514012224[INFO][asynclogger][Service.hpp:545]	request resource_path:/download/test.pptx
[22:16:52][135685514012224[INFO][asynclogger][Service.hpp:559]	request download_path:./low_storage/test.pptx
[22:16:52][135685514012224[INFO][asynclogger][Service.hpp:668]	evhttp_send_reply: HTTP_OK
[22:16:52][135685514012224[INFO][asynclogger][Service.hpp:92]	get req, uri: /download/test.pptx
[22:16:52][135685514012224[INFO][asynclogger][Service.hpp:545]	request resource_path:/download/test.pptx
[22:16:52][135685514012224[INFO][asynclogger][Service.hpp:559]	request download_path:./low_storage/test.pptx
[22:16:52][135685514012224[INFO][asynclogger][Service.hpp:668]	evhttp_send_reply: HTTP_OK
[22:16:52][135685514012224[INFO][asynclogger][Service.hpp:92]	get req, uri: /download/test.pptx
[22:16:52][135685514012224[INFO][asynclogger][Service.hpp:545]	request resource_path:/download/test.pptx
[22:16:52][135685514012224[INFO][asynclogger][Service.hpp:559]	request download_path:./low_storage/test.pptx
[22:16:52][135685514012224[INFO][asynclogger][Service.hpp:668]	evhttp_send_reply: HTTP_OK
[22:16:52][135685514012224[INFO][asynclogger][Service.hpp:92]	get req, uri: /download/test.pptx
[22:16:52][135685514012224[INFO][asynclogger][Service.hpp:545]	request resource_path:/download/test.pptx
[22:16:52][135685514012224[INFO][asynclogger][Service.hpp:559]	request download_path:./low_storage/test.pptx
[22:16:52][135685514012224[INFO][asynclogger][Service.hpp:668]	evhttp_send_reply: HTTP_OK
[22:16:52][135685514012224[INFO][asynclogger][Service.hpp:92]	get req, uri: /download/test.pptx
[22:16:52][135685514012224[INFO][asynclogger][Service.hpp:545]	request resource_path:/download/test.pptx
[22:16:52][135685514012224[INFO][asynclogger][Service.hpp:559]	request download_path:./low_storage/test.pptx
[22:16:52][135685514012224[INFO][asynclogger][Service.hpp:668]	evhttp_send_reply: HTTP_OK
[22:16:52][135685514012224[INFO][asynclogger][Service.hpp:92]	get req, uri: /download/test.pptx
[22:16:52][135685514012224[INFO][asynclogger][Service.hpp:545]	request resource_path:/download/test.pptx
[22:16:52][135685514012224[INFO][asynclogger][Service.hpp:559]	request download_path:./low_storage/test.pptx
[22:16:52][135685514012224[INFO][asynclogger][Service.hpp:668]	evhttp_send_reply: HTTP_OK
[22:16:52][135685514012224[INFO][asynclogger][Service.hpp:92]	get req, uri: /download/test.pptx
[22:16:52][135685514012224[INFO][asynclogger][Service.hpp:545]	request resource_path:/download/test.pptx
[22:16:52][135685514012224[INFO][asynclogger][Service.hpp:559]	request download_path:./low_storage/test.pptx
[22:16:52][135685514012224[INFO][asynclogger][Service.hpp:668]	evhttp_send_reply: HTTP_OK
[22:16:52][135685514012224[INFO][asynclogger][Service.hpp:92]	get req, uri: /download/test.pptx
[22:16:52][135685514012224[INFO][asynclogger][Service.hpp:545]	request resource_path:/download/test.pptx
[22:16:52][135685514012224[INFO][asynclogger][Service.hpp:559]	request download_path:./low_storage/test.pptx
[22:16:52][135685514012224[INFO][asynclogger][Service.hpp:668]	evhttp_send_reply: HTTP_OK
[22:16:52][135685514012224[INFO][asynclogger][Service.hpp:92]	get req, uri: /download/test.pptx
[22:16:52][135685514012224[INFO][asynclogger][Service.hpp:545]	request resource_path:/download/test.pptx
[22:16:52][135685514012224[INFO][asynclogger][Service.hpp:559]	request download_path:./low_storage/test.pptx
[22:16:52][135685514012224[INFO][asynclogger][Service.hpp:668]	evhttp_send_reply: HTTP_OK
[22:16:52][135685514012224[INFO][asynclogger][Service.hpp:92]	get req, uri: /download/test.pptx
[22:16:52][135685514012224[INFO][asynclogger][Service.hpp:545]	request resource_path:/download/test.pptx
[22:16:52][135685514012224[INFO][asynclogger][Service.hpp:559]	request download_path:./low_storage/test.pptx
[22:16:52][135685514012224[INFO][asynclogger][Service.hpp:668]	evhttp_send_reply: HTTP_OK
[22:16:52][135685514012224[INFO][asynclogger][Service.hpp:92]	get req, uri: /download/test.pptx
[22:16:52][135685514012224[INFO][asynclogger][Service.hpp:545]	request resource_path:/download/test.pptx
[22:16:52][135685514012224[INFO][asynclogger][Service.hpp:559]	request download_path:./low_storage/test.pptx
[22:16:52][135685514012224[INFO][asynclogger][Service.hpp:668]	evhttp_send_reply: HTTP_OK
[22:16:52][135685514012224[INFO][asynclogger][Service.hpp:92]	get req, uri: /download/test.pptx
[22:16:52][135685514012224[INFO][asynclogger][Service.hpp:545]	request resource_path:/download/test.pptx
[22:16:52][135685514012224[INFO][asynclogger][Service.hpp:559]	request download_path:./low_storage/test.pptx
[22:16:52][135685514012224[INFO][asynclogger][Service.hpp:668]	evhttp_send_reply: HTTP_OK
[22:16:52][135685514012224[INFO][asynclogger][Service.hpp:92]	get req, uri: /download/test.pptx
[22:16:52][135685514012224[INFO][asynclogger][Service.hpp:545]	request resource_path:/download/test.pptx
[22:16:52][135685514012224[INFO][asynclogger][Service.hpp:559]	request download_path:./low_storage/test.pptx
[22:16:52][135685514012224[INFO][asynclogger][Service.hpp:668]	evhttp_send_reply: HTTP_OK
[22:16:52][135685514012224[INFO][asynclogger][Service.hpp:92]	get req, uri: /download/test.pptx
[22:16:52][135685514012224[INFO][asynclogger][Service.hpp:545]	request resource_path:/download/test.pptx
[22:16:52][135685514012224[INFO][asynclogger][Service.hpp:559]	request download_path:./low_storage/test.pptx
[22:16:52][135685514012224[INFO][asynclogger][Service.hpp:668]	evhttp_send_reply: HTTP_OK
[22:16:52][135685514012224[INFO][asynclogger][Service.hpp:92]	get req, uri: /download/test.pptx
[22:16:52][135685514012224[INFO][asynclogger][Service.hpp:545]	request resource_path:/download/test.pptx
[22:16:52][135685514012224[INFO][asynclogger][Service.hpp:559]	request download_path:./low_storage/test.pptx
[22:16:52][135685514012224[INFO][asynclogger][Service.hpp:668]	evhttp_send_reply: HTTP_OK
[22:16:52][135685514012224[INFO][asynclogger][Service.hpp:92]	get req, uri: /download/test.pptx
[22:16:52][135685514012224[INFO][asynclogger][Service.hpp:545]	request resource_path:/download/test.pptx
[22:16:52][135685514012224[INFO][asynclogger][Service.hpp:559]	request download_path:./low_storage/test.pptx
[22:16:52][135685514012224[INFO][asynclogger][Service.hpp:668]	evhttp_send_reply: HTTP_OK
[22:16:52][135685514012224[INFO][asynclogger][Service.hpp:92]	get req, uri: /download/test.pptx
[22:16:52][135685514012224[INFO][asynclogger][Service.hpp:545]	request resource_path:/download/test.pptx
[22:16:52][135685514012224[INFO][asynclogger][Service.hpp:559]	request download_path:./low_storage/test.pptx
[22:16:52][135685514012224[INFO][asynclogger][Service.hpp:668]	evhttp_send_reply: HTTP_OK
[22:16:52][135685514012224[INFO][asynclogger][Service.hpp:92]	get req, uri: /download/test.pptx
[22:16:52][135685514012224[INFO][asynclogger][Service.hpp:545]	request resource_path:/download/test.pptx
[22:16:52][135685514012224[INFO][asynclogger][Service.hpp:559]	request download_path:./low_storage/test.pptx
[22:16:52][135685514012224[INFO][asynclogger][Service.hpp:668]	evhttp_send_reply: HTTP_OK
[22:16:52][135685514012224[INFO][asynclogger][Service.hpp:92]	get req, uri: /download/test.pptx
[22:16:52][135685514012224[INFO][asynclogger][Service.hpp:545]	request resource_path:/download/test.pptx
[22:16:52][135685514012224[INFO][asynclogger][Service.hpp:559]	request download_path:./low_storage/test.pptx
[22:16:52][135685514012224[INFO][asynclogger][Service.hpp:668]	evhttp_send_reply: HTTP_OK
[22:16:52][135685514012224[INFO][asynclogger][Service.hpp:92]	get req, uri: /download/test.pptx
[22:16:52][135685514012224[INFO][asynclogger][Service.hpp:545]	request resource_path:/download/test.pptx
[22:16:52][135685514012224[INFO][asynclogger][Service.hpp:559]	request download_path:./low_storage/test.pptx
[22:16:52][135685514012224[INFO][asynclogger][Service.hpp:668]	evhttp_send_reply: HTTP_OK
[22:16:52][135685514012224[INFO][asynclogger][Service.hpp:92]	get req, uri: /download/test.pptx
[22:16:52][135685514012224[INFO][asynclogger][Service.hpp:545]	request resource_path:/download/test.pptx
[22:16:52][135685514012224[INFO][asynclogger][Service.hpp:559]	request download_path:./low_storage/test.pptx
[22:16:52][135685514012224[INFO][asynclogger][Service.hpp:668]	evhttp_send_reply: HTTP_OK
[22:16:52][135685514012224[INFO][asynclogger][Service.hpp:92]	get req, uri: /download/test.pptx
[22:16:52][135685514012224[INFO][asynclogger][Service.hpp:545]	request resource_path:/download/test.pptx
[22:16:52][135685514012224[INFO][asynclogger][Service.hpp:559]	request download_path:./low_storage/test.pptx
[22:16:52][135685514012224[INFO][asynclogger][Service.hpp:668]	evhttp_send_reply: HTTP_OK
[22:16:52][135685514012224[INFO][asynclogger][Service.hpp:92]	get req, uri: /download/test.pptx
[22:16:52][135685514012224[INFO][asynclogger][Service.hpp:545]	request resource_path:/download/test.pptx
[22:16:52][135685514012224[INFO][asynclogger][Service.hpp:559]	request download_path:./low_storage/test.pptx
[22:16:52][135685514012224[INFO][asynclogger][Service.hpp:668]	evhttp_send_reply: HTTP_OK
[22:16:52][135685514012224[INFO][asynclogger][Service.hpp:92]	get req, uri: /download/test.pptx
[22:16:52][135685514012224[INFO][asynclogger][Service.hpp:545]	request resource_path:/download/test.pptx
[22:16:52][135685514012224[INFO][asynclogger][Service.hpp:559]	request download_path:./low_storage/test.pptx
[22:16:52][135685514012224[INFO][asynclogger][Service.hpp:668]	evhttp_send_reply: HTTP_OK
[22:16:52][135685514012224[INFO][asynclogger][Service.hpp:92]	get req, uri: /download/test.pptx
[22:16:52][135685514012224[INFO][asynclogger][Service.hpp:545]	request resource_path:/download/test.pptx
[22:16:52][135685514012224[INFO][asynclogger][Service.hpp:559]	request download_path:./low_storage/test.pptx
[22:16:52][135685514012224[INFO][asynclogger][Service.hpp:668]	evhttp_send_reply: HTTP_OK
[22:16:52][135685514012224[INFO][asynclogger][Service.hpp:92]	get req, uri: /download/test.pptx
[22:16:52][135685514012224[INFO][asynclogger][Service.hpp:545]	request resource_path:/download/test.pptx
[22:16:52][135685514012224[INFO][asynclogger][Service.hpp:559]	request download_path:./low_storage/test.pptx
[22:16:52][135685514012224[INFO][asynclogger][Service.hpp:668]	evhttp_send_reply: HTTP_OK
[22:16:52][135685514012224[INFO][asynclogger][Service.hpp:92]	get req, uri: /download/test.pptx
[22:16:52][135685514012224[INFO][asynclogger][Service.hpp:545]	request resource_path:/download/test.pptx
[22:16:52][135685514012224[INFO][asynclogger][Service.hpp:559]	request download_path:./low_storage/test.pptx
[22:16:52][135685514012224[INFO][asynclogger][Service.hpp:668]	evhttp_send_reply: HTTP_OK
[22:16:52][135685514012224[INFO][asynclogger][Service.hpp:92]	get req, uri: /download/test.pptx
[22:16:52][135685514012224[INFO][asynclogger][Service.hpp:545]	request resource_path:/download/test.pptx
[22:16:52][135685514012224[INFO][asynclogger][Service.hpp:559]	request download_path:./low_storage/test.pptx
[22:16:52][135685514012224[INFO][asynclogger][Service.hpp:668]	evhttp_send_reply: HTTP_OK
[22:16:52][135685514012224[INFO][asynclogger][Service.hpp:92]	get req, uri: /download/test.pptx
[22:16:52][135685514012224[INFO][asynclogger][Service.hpp:545]	request resource_path:/download/test.pptx
[22:16:52][135685514012224[INFO][asynclogger][Service.hpp:559]	request download_path:./low_storage/test.pptx
[22:16:52][135685514012224[INFO][asynclogger][Service.hpp:668]	evhttp_send_reply: HTTP_OK
[22:16:52][135685514012224[INFO][asynclogger][Service.hpp:92]	get req, uri: /download/test.pptx
[22:16:52][135685514012224[INFO][asynclogger][Service.hpp:545]	request resource_path:/download/test.pptx
[22:16:52][135685514012224[INFO][asynclogger][Service.hpp:559]	request download_path:./low_storage/test.pptx
[22:16:52][135685514012224[INFO][asynclogger][Service.hpp:668]	evhttp_send_reply: HTTP_OK
[22:16:52][135685514012224[INFO][asynclogger][Service.hpp:92]	get req, uri: /download/test.pptx
[22:16:52][135685514012224[INFO][asynclogger][Service.hpp:545]	request resource_path:/download/test.pptx
[22:16:52][135685514012224[INFO][asynclogger][Service.hpp:559]	request download_path:./low_storage/test.pptx
[22:16:52][135685514012224[INFO][asynclogger][Service.hpp:668]	evhttp_send_reply: HTTP_OK
[22:16:52][135685514012224[INFO][asynclogger][Service.hpp:92]	get req, uri: /download/test.pptx
[22:16:52][135685514012224[INFO][asynclogger][Service.hpp:545]	request resource_path:/download/test.pptx
[22:16:52][135685514012224[INFO][asynclogger][Service.hpp:559]	request download_path:./low_storage/test.pptx
[22:16:52][135685514012224[INFO][asynclogger][Service.hpp:668]	evhttp_send_reply: HTTP_OK
[22:16:52][135685514012224[INFO][asynclogger][Service.hpp:92]	get req, uri: /download/test.pptx
[22:16:52][135685514012224[INFO][asynclogger][Service.hpp:545]	request resource_path:/download/test.pptx
[22:16:52][135685514012224[INFO][asynclogger][Service.hpp:559]	request download_path:./low_storage/test.pptx
[22:16:52][135685514012224[INFO][asynclogger][Service.hpp:668]	evhttp_send_reply: HTTP_OK
[22:16:52][135685514012224[INFO][asynclogger][Service.hpp:92]	get req, uri: /download/test.pptx
[22:16:52][135685514012224[INFO][asynclogger][Service.hpp:545]	request resource_path:/download/test.pptx
[22:16:52][135685514012224[INFO][asynclogger][Service.hpp:559]	request download_path:./low_storage/test.pptx
[22:16:52][135685514012224[INFO][asynclogger][Service.hpp:668]	evhttp_send_reply: HTTP_OK
[22:16:52][135685514012224[INFO][asynclogger][Service.hpp:92]	get req, uri: /download/test.pptx
[22:16:52][135685514012224[INFO][asynclogger][Service.hpp:545]	request resource_path:/download/test.pptx
[22:16:52][135685514012224[INFO][asynclogger][Service.hpp:559]	request download_path:./low_storage/test.pptx
[22:16:52][135685514012224[INFO][asynclogger][Service.hpp:668]	evhttp_send_reply: HTTP_OK
[22:16:52][135685514012224[INFO][asynclogger][Service.hpp:92]	get req, uri: /download/test.pptx
[22:16:52][135685514012224[INFO][asynclogger][Service.hpp:545]	request resource_path:/download/test.pptx
[22:16:52][135685514012224[INFO][asynclogger][Service.hpp:559]	request download_path:./low_storage/test.pptx
[22:16:52][135685514012224[INFO][asynclogger][Service.hpp:668]	evhttp_send_reply: HTTP_OK
[22:16:52][135685514012224[INFO][asynclogger][Service.hpp:92]	get req, uri: /download/test.pptx
[22:16:52][135685514012224[INFO][asynclogger][Service.hpp:545]	request resource_path:/download/test.pptx
[22:16:52][135685514012224[INFO][asynclogger][Service.hpp:559]	request download_path:./low_storage/test.pptx
[22:16:52][135685514012224[INFO][asynclogger][Service.hpp:668]	evhttp_send_reply: HTTP_OK
[22:16:52][135685514012224[INFO][asynclogger][Service.hpp:92]	get req, uri: /download/test.pptx
[22:16:52][135685514012224[INFO][asynclogger][Service.hpp:545]	request resource_path:/download/test.pptx
[22:16:52][135685514012224[INFO][asynclogger][Service.hpp:559]	request download_path:./low_storage/test.pptx
[22:16:52][135685514012224[INFO][asynclogger][Service.hpp:668]	evhttp_send_reply: HTTP_OK
[22:16:52][135685514012224[INFO][asynclogger][Service.hpp:92]	get req, uri: /download/test.pptx
[22:16:52][135685514012224[INFO][asynclogger][Service.hpp:545]	request resource_path:/download/test.pptx
[22:16:52][135685514012224[INFO][asynclogger][Service.hpp:559]	request download_path:./low_storage/test.pptx
[22:16:52][135685514012224[INFO][asynclogger][Service.hpp:668]	evhttp_send_reply: HTTP_OK
[22:16:52][135685514012224[INFO][asynclogger][Service.hpp:92]	get req, uri: /download/test.pptx
[22:16:52][135685514012224[INFO][asynclogger][Service.hpp:545]	request resource_path:/download/test.pptx
[22:16:52][135685514012224[INFO][asynclogger][Service.hpp:559]	request download_path:./low_storage/test.pptx
[22:16:52][135685514012224[INFO][asynclogger][Service.hpp:668]	evhttp_send_reply: HTTP_OK
[22:16:52][135685514012224[INFO][asynclogger][Service.hpp:92]	get req, uri: /download/test.pptx
[22:16:52][135685514012224[INFO][asynclogger][Service.hpp:545]	request resource_path:/download/test.pptx
[22:16:52][135685514012224[INFO][asynclogger][Service.hpp:559]	request download_path:./low_storage/test.pptx
[22:16:52][135685514012224[INFO][asynclogger][Service.hpp:668]	evhttp_send_reply: HTTP_OK
[22:16:52][135685514012224[INFO][asynclogger][Service.hpp:92]	get req, uri: /download/test.pptx
[22:16:52][135685514012224[INFO][asynclogger][Service.hpp:545]	request resource_path:/download/test.pptx
[22:16:52][135685514012224[INFO][asynclogger][Service.hpp:559]	request download_path:./low_storage/test.pptx
[22:16:52][135685514012224[INFO][asynclogger][Service.hpp:668]	evhttp_send_reply: HTTP_OK
[22:16:52][135685514012224[INFO][asynclogger][Service.hpp:92]	get req, uri: /download/test.pptx
[22:16:52][135685514012224[INFO][asynclogger][Service.hpp:545]	request resource_path:/download/test.pptx
[22:16:52][135685514012224[INFO][asynclogger][Service.hpp:559]	request download_path:./low_storage/test.pptx
[22:16:52][135685514012224[INFO][asynclogger][Service.hpp:668]	evhttp_send_reply: HTTP_OK
[22:16:52][135685514012224[INFO][asynclogger][Service.hpp:92]	get req, uri: /download/test.pptx
[22:16:52][135685514012224[INFO][asynclogger][Service.hpp:545]	request resource_path:/download/test.pptx
[22:16:52][135685514012224[INFO][asynclogger][Service.hpp:559]	request download_path:./low_storage/test.pptx
[22:16:52][135685514012224[INFO][asynclogger][Service.hpp:668]	evhttp_send_reply: HTTP_OK
[22:16:52][135685514012224[INFO][asynclogger][Service.hpp:92]	get req, uri: /download/test.pptx
[22:16:52][135685514012224[INFO][asynclogger][Service.hpp:545]	request resource_path:/download/test.pptx
[22:16:52][135685514012224[INFO][asynclogger][Service.hpp:559]	request download_path:./low_storage/test.pptx
[22:16:52][135685514012224[INFO][asynclogger][Service.hpp:668]	evhttp_send_reply: HTTP_OK
[22:16:52][135685514012224[INFO][asynclogger][Service.hpp:92]	get req, uri: /download/test.pptx
[22:16:52][135685514012224[INFO][asynclogger][Service.hpp:545]	request resource_path:/download/test.pptx
[22:16:52][135685514012224[INFO][asynclogger][Service.hpp:559]	request download_path:./low_storage/test.pptx
[22:16:52][135685514012224[INFO][asynclogger][Service.hpp:668]	evhttp_send_reply: HTTP_OK
[22:16:52][135685514012224[INFO][asynclogger][Service.hpp:92]	get req, uri: /download/test.pptx
[22:16:52][135685514012224[INFO][asynclogger][Service.hpp:545]	request resource_path:/download/test.pptx
[22:16:52][135685514012224[INFO][asynclogger][Service.hpp:559]	request download_path:./low_storage/test.pptx
[22:16:52][135685514012224[INFO][asynclogger][Service.hpp:668]	evhttp_send_reply: HTTP_OK
[22:16:52][135685514012224[INFO][asynclogger][Service.hpp:92]	get req, uri: /download/test.pptx
[22:16:52][135685514012224[INFO][asynclogger][Service.hpp:545]	request resource_path:/download/test.pptx
[22:16:52][135685514012224[INFO][asynclogger][Service.hpp:559]	request download_path:./low_storage/test.pptx
[22:16:52][135685514012224[INFO][asynclogger][Service.hpp:668]	evhttp_send_reply: HTTP_OK
[22:16:52][135685514012224[INFO][asynclogger][Service.hpp:92]	get req, uri: /download/test.pptx
[22:16:52][135685514012224[INFO][asynclogger][Service.hpp:545]	request resource_path:/download/test.pptx
[22:16:52][135685514012224[INFO][asynclogger][Service.hpp:559]	request download_path:./low_storage/test.pptx
[22:16:52][135685514012224[INFO][asynclogger][Service.hpp:668]	evhttp_send_reply: HTTP_OK
[22:16:52][135685514012224[INFO][asynclogger][Service.hpp:92]	get req, uri: /download/test.pptx
[22:16:52][135685514012224[INFO][asynclogger][Service.hpp:545]	request resource_path:/download/test.pptx
[22:16:52][135685514012224[INFO][asynclogger][Service.hpp:559]	request download_path:./low_storage/test.pptx
[22:16:52][135685514012224[INFO][asynclogger][Service.hpp:668]	evhttp_send_reply: HTTP_OK
[22:16:52][135685514012224[INFO][asynclogger][Service.hpp:92]	get req, uri: /download/test.pptx
[22:16:52][135685514012224[INFO][asynclogger][Service.hpp:545]	request resource_path:/download/test.pptx
[22:16:52][135685514012224[INFO][asynclogger][Service.hpp:559]	request download_path:./low_storage/test.pptx
[22:16:52][135685514012224[INFO][asynclogger][Service.hpp:668]	evhttp_send_reply: HTTP_OK
[22:16:52][135685514012224[INFO][asynclogger][Service.hpp:92]	get req, uri: /download/test.pptx
[22:16:52][135685514012224[INFO][asynclogger][Service.hpp:545]	request resource_path:/download/test.pptx
[22:16:52][135685514012224[INFO][asynclogger][Service.hpp:559]	request download_path:./low_storage/test.pptx
[22:16:52][135685514012224[INFO][asynclogger][Service.hpp:668]	evhttp_send_reply: HTTP_OK
[22:16:52][135685514012224[INFO][asynclogger][Service.hpp:92]	get req, uri: /download/test.pptx
[22:16:52][135685514012224[INFO][asynclogger][Service.hpp:545]	request resource_path:/download/test.pptx
[22:16:52][135685514012224[INFO][asynclogger][Service.hpp:559]	request download_path:./low_storage/test.pptx
[22:16:52][135685514012224[INFO][asynclogger][Service.hpp:668]	evhttp_send_reply: HTTP_OK
[22:16:52][135685514012224[INFO][asynclogger][Service.hpp:92]	get req, uri: /download/test.pptx
[22:16:52][135685514012224[INFO][asynclogger][Service.hpp:545]	request resource_path:/download/test.pptx
[22:16:52][135685514012224[INFO][asynclogger][Service.hpp:559]	request download_path:./low_storage/test.pptx
[22:16:52][135685514012224[INFO][asynclogger][Service.hpp:668]	evhttp_send_reply: HTTP_OK
[22:16:52][135685514012224[INFO][asynclogger][Service.hpp:92]	get req, uri: /download/test.pptx
[22:16:52][135685514012224[INFO][asynclogger][Service.hpp:545]	request resource_path:/download/test.pptx
[22:16:52][135685514012224[INFO][asynclogger][Service.hpp:559]	request download_path:./low_storage/test.pptx
[22:16:52][135685514012224[INFO][asynclogger][Service.hpp:668]	evhttp_send_reply: HTTP_OK
[22:16:52][135685514012224[INFO][asynclogger][Service.hpp:92]	get req, uri: /download/test.pptx
[22:16:52][135685514012224[INFO][asynclogger][Service.hpp:545]	request resource_path:/download/test.pptx
[22:16:52][135685514012224[INFO][asynclogger][Service.hpp:559]	request download_path:./low_storage/test.pptx
[22:16:52][135685514012224[INFO][asynclogger][Service.hpp:668]	evhttp_send_reply: HTTP_OK
[22:16:52][135685514012224[INFO][asynclogger][Service.hpp:92]	get req, uri: /download/test.pptx
[22:16:52][135685514012224[INFO][asynclogger][Service.hpp:545]	request resource_path:/download/test.pptx
[22:16:52][135685514012224[INFO][asynclogger][Service.hpp:559]	request download_path:./low_storage/test.pptx
[22:16:52][135685514012224[INFO][asynclogger][Service.hpp:668]	evhttp_send_reply: HTTP_OK
[22:16:52][135685514012224[INFO][asynclogger][Service.hpp:92]	get req, uri: /download/test.pptx
[22:16:52][135685514012224[INFO][asynclogger][Service.hpp:545]	request resource_path:/download/test.pptx
[22:16:52][135685514012224[INFO][asynclogger][Service.hpp:559]	request download_path:./low_storage/test.pptx
[22:16:52][135685514012224[INFO][asynclogger][Service.hpp:668]	evhttp_send_reply: HTTP_OK
[22:16:52][135685514012224[INFO][asynclogger][Service.hpp:92]	get req, uri: /download/test.pptx
[22:16:52][135685514012224[INFO][asynclogger][Service.hpp:545]	request resource_path:/download/test.pptx
[22:16:52][135685514012224[INFO][asynclogger][Service.hpp:559]	request download_path:./low_storage/test.pptx
[22:16:52][135685514012224[INFO][asynclogger][Service.hpp:668]	evhttp_send_reply: HTTP_OK
[22:16:52][135685514012224[INFO][asynclogger][Service.hpp:92]	get req, uri: /download/test.pptx
[22:16:52][135685514012224[INFO][asynclogger][Service.hpp:545]	request resource_path:/download/test.pptx
[22:16:52][135685514012224[INFO][asynclogger][Service.hpp:559]	request download_path:./low_storage/test.pptx
[22:16:52][135685514012224[INFO][asynclogger][Service.hpp:668]	evhttp_send_reply: HTTP_OK
[22:16:52][135685514012224[INFO][asynclogger][Service.hpp:92]	get req, uri: /download/test.pptx
[22:16:52][135685514012224[INFO][asynclogger][Service.hpp:545]	request resource_path:/download/test.pptx
[22:16:52][135685514012224[INFO][asynclogger][Service.hpp:559]	request download_path:./low_storage/test.pptx
[22:16:52][135685514012224[INFO][asynclogger][Service.hpp:668]	evhttp_send_reply: HTTP_OK
[22:16:52][135685514012224[INFO][asynclogger][Service.hpp:92]	get req, uri: /download/test.pptx
[22:16:52][135685514012224[INFO][asynclogger][Service.hpp:545]	request resource_path:/download/test.pptx
[22:16:52][135685514012224[INFO][asynclogger][Service.hpp:559]	request download_path:./low_storage/test.pptx
[22:16:52][135685514012224[INFO][asynclogger][Service.hpp:668]	evhttp_send_reply: HTTP_OK
[22:16:52][135685514012224[INFO][asynclogger][Service.hpp:92]	get req, uri: /download/test.pptx
[22:16:52][135685514012224[INFO][asynclogger][Service.hpp:545]	request resource_path:/download/test.pptx
[22:16:52][135685514012224[INFO][asynclogger][Service.hpp:559]	request download_path:./low_storage/test.pptx
[22:16:52][135685514012224[INFO][asynclogger][Service.hpp:668]	evhttp_send_reply: HTTP_OK
[22:16:52][135685514012224[INFO][asynclogger][Service.hpp:92]	get req, uri: /download/test.pptx
[22:16:52][135685514012224[INFO][asynclogger][Service.hpp:545]	request resource_path:/download/test.pptx
[22:16:52][135685514012224[INFO][asynclogger][Service.hpp:559]	request download_path:./low_storage/test.pptx
[22:16:52][135685514012224[INFO][asynclogger][Service.hpp:668]	evhttp_send_reply: HTTP_OK
[22:16:52][135685514012224[INFO][asynclogger][Service.hpp:92]	get req, uri: /download/test.pptx
[22:16:52][135685514012224[INFO][asynclogger][Service.hpp:545]	request resource_path:/download/test.pptx
[22:16:52][135685514012224[INFO][asynclogger][Service.hpp:559]	request download_path:./low_storage/test.pptx
[22:16:52][135685514012224[INFO][asynclogger][Service.hpp:668]	evhttp_send_reply: HTTP_OK
[22:16:52][135685514012224[INFO][asynclogger][Service.hpp:92]	get req, uri: /download/test.pptx
[22:16:52][135685514012224[INFO][asynclogger][Service.hpp:545]	request resource_path:/download/test.pptx
[22:16:52][135685514012224[INFO][asynclogger][Service.hpp:559]	request download_path:./low_storage/test.pptx
[22:16:52][135685514012224[INFO][asynclogger][Service.hpp:668]	evhttp_send_reply: HTTP_OK
[22:16:52][135685514012224[INFO][asynclogger][Service.hpp:92]	get req, uri: /download/test.pptx
[22:16:52][135685514012224[INFO][asynclogger][Service.hpp:545]	request resource_path:/download/test.pptx
[22:16:52][135685514012224[INFO][asynclogger][Service.hpp:559]	request download_path:./low_storage/test.pptx
[22:16:52][135685514012224[INFO][asynclogger][Service.hpp:668]	evhttp_send_reply: HTTP_OK
[22:16:52][135685514012224[INFO][asynclogger][Service.hpp:92]	get req, uri: /download/test.pptx
[22:16:52][135685514012224[INFO][asynclogger][Service.hpp:545]	request resource_path:/download/test.pptx
[22:16:52][135685514012224[INFO][asynclogger][Service.hpp:559]	request download_path:./low_storage/test.pptx
[22:16:52][135685514012224[INFO][asynclogger][Service.hpp:668]	evhttp_send_reply: HTTP_OK
[22:16:52][135685514012224[INFO][asynclogger][Service.hpp:92]	get req, uri: /download/test.pptx
[22:16:52][135685514012224[INFO][asynclogger][Service.hpp:545]	request resource_path:/download/test.pptx
[22:16:52][135685514012224[INFO][asynclogger][Service.hpp:559]	request download_path:./low_storage/test.pptx
[22:16:52][135685514012224[INFO][asynclogger][Service.hpp:668]	evhttp_send_reply: HTTP_OK
[22:16:52][135685514012224[INFO][asynclogger][Service.hpp:92]	get req, uri: /download/test.pptx
[22:16:52][135685514012224[INFO][asynclogger][Service.hpp:545]	request resource_path:/download/test.pptx
[22:16:52][135685514012224[INFO][asynclogger][Service.hpp:559]	request download_path:./low_storage/test.pptx
[22:16:52][135685514012224[INFO][asynclogger][Service.hpp:668]	evhttp_send_reply: HTTP_OK
[22:16:52][135685514012224[INFO][asynclogger][Service.hpp:92]	get req, uri: /download/test.pptx
[22:16:52][135685514012224[INFO][asynclogger][Service.hpp:545]	request resource_path:/download/test.pptx
[22:16:52][135685514012224[INFO][asynclogger][Service.hpp:559]	request download_path:./low_storage/test.pptx
[22:16:52][135685514012224[INFO][asynclogger][Service.hpp:668]	evhttp_send_reply: HTTP_OK
[22:16:52][135685514012224[INFO][asynclogger][Service.hpp:92]	get req, uri: /download/test.pptx
[22:16:52][135685514012224[INFO][asynclogger][Service.hpp:545]	request resource_path:/download/test.pptx
[22:16:52][135685514012224[INFO][asynclogger][Service.hpp:559]	request download_path:./low_storage/test.pptx
[22:16:52][135685514012224[INFO][asynclogger][Service.hpp:668]	evhttp_send_reply: HTTP_OK
[22:16:52][135685514012224[INFO][asynclogger][Service.hpp:92]	get req, uri: /download/test.pptx
[22:16:52][135685514012224[INFO][asynclogger][Service.hpp:545]	request resource_path:/download/test.pptx
[22:16:52][135685514012224[INFO][asynclogger][Service.hpp:559]	request download_path:./low_storage/test.pptx
[22:16:52][135685514012224[INFO][asynclogger][Service.hpp:668]	evhttp_send_reply: HTTP_OK
[22:16:52][135685514012224[INFO][asynclogger][Service.hpp:92]	get req, uri: /download/test.pptx
[22:16:52][135685514012224[INFO][asynclogger][Service.hpp:545]	request resource_path:/download/test.pptx
[22:16:52][135685514012224[INFO][asynclogger][Service.hpp:559]	request download_path:./low_storage/test.pptx
[22:16:52][135685514012224[INFO][asynclogger][Service.hpp:668]	evhttp_send_reply: HTTP_OK
[22:16:52][135685514012224[INFO][asynclogger][Service.hpp:92]	get req, uri: /download/test.pptx
[22:16:52][135685514012224[INFO][asynclogger][Service.hpp:545]	request resource_path:/download/test.pptx
[22:16:52][135685514012224[INFO][asynclogger][Service.hpp:559]	request download_path:./low_storage/test.pptx
[22:16:52][135685514012224[INFO][asynclogger][Service.hpp:668]	evhttp_send_reply: HTTP_OK
[22:16:52][135685514012224[INFO][asynclogger][Service.hpp:92]	get req, uri: /download/test.pptx
[22:16:52][135685514012224[INFO][asynclogger][Service.hpp:545]	request resource_path:/download/test.pptx
[22:16:52][135685514012224[INFO][asynclogger][Service.hpp:559]	request download_path:./low_storage/test.pptx
[22:16:52][135685514012224[INFO][asynclogger][Service.hpp:668]	evhttp_send_reply: HTTP_OK
[22:16:52][135685514012224[INFO][asynclogger][Service.hpp:92]	get req, uri: /download/test.pptx
[22:16:52][135685514012224[INFO][asynclogger][Service.hpp:545]	request resource_path:/download/test.pptx
[22:16:52][135685514012224[INFO][asynclogger][Service.hpp:559]	request download_path:./low_storage/test.pptx
[22:16:52][135685514012224[INFO][asynclogger][Service.hpp:668]	evhttp_send_reply: HTTP_OK
[22:16:52][135685514012224[INFO][asynclogger][Service.hpp:92]	get req, uri: /download/test.pptx
[22:16:52][135685514012224[INFO][asynclogger][Service.hpp:545]	request resource_path:/download/test.pptx
[22:16:52][135685514012224[INFO][asynclogger][Service.hpp:559]	request download_path:./low_storage/test.pptx
[22:16:52][135685514012224[INFO][asynclogger][Service.hpp:668]	evhttp_send_reply: HTTP_OK
[22:16:52][135685514012224[INFO][asynclogger][Service.hpp:92]	get req, uri: /download/test.pptx
[22:16:52][135685514012224[INFO][asynclogger][Service.hpp:545]	request resource_path:/download/test.pptx
[22:16:52][135685514012224[INFO][asynclogger][Service.hpp:559]	request download_path:./low_storage/test.pptx
[22:16:52][135685514012224[INFO][asynclogger][Service.hpp:668]	evhttp_send_reply: HTTP_OK
[22:16:52][135685514012224[INFO][asynclogger][Service.hpp:92]	get req, uri: /download/test.pptx
[22:16:52][135685514012224[INFO][asynclogger][Service.hpp:545]	request resource_path:/download/test.pptx
[22:16:52][135685514012224[INFO][asynclogger][Service.hpp:559]	request download_path:./low_storage/test.pptx
[22:16:52][135685514012224[INFO][asynclogger][Service.hpp:668]	evhttp_send_reply: HTTP_OK
[22:16:52][135685514012224[INFO][asynclogger][Service.hpp:92]	get req, uri: /download/test.pptx
[22:16:52][135685514012224[INFO][asynclogger][Service.hpp:545]	request resource_path:/download/test.pptx
[22:16:52][135685514012224[INFO][asynclogger][Service.hpp:559]	request download_path:./low_storage/test.pptx
[22:16:52][135685514012224[INFO][asynclogger][Service.hpp:668]	evhttp_send_reply: HTTP_OK
[22:16:52][135685514012224[INFO][asynclogger][Service.hpp:92]	get req, uri: /download/test.pptx
[22:16:52][135685514012224[INFO][asynclogger][Service.hpp:545]	request resource_path:/download/test.pptx
[22:16:52][135685514012224[INFO][asynclogger][Service.hpp:559]	request download_path:./low_storage/test.pptx
[22:16:52][135685514012224[INFO][asynclogger][Service.hpp:668]	evhttp_send_reply: HTTP_OK
[22:16:52][135685514012224[INFO][asynclogger][Service.hpp:92]	get req, uri: /download/test.pptx
[22:16:52][135685514012224[INFO][asynclogger][Service.hpp:545]	request resource_path:/download/test.pptx
[22:16:52][135685514012224[INFO][asynclogger][Service.hpp:559]	request download_path:./low_storage/test.pptx
[22:16:52][135685514012224[INFO][asynclogger][Service.hpp:668]	evhttp_send_reply: HTTP_OK
[22:16:52][135685514012224[INFO][asynclogger][Service.hpp:92]	get req, uri: /download/test.pptx
[22:16:52][135685514012224[INFO][asynclogger][Service.hpp:545]	request resource_path:/download/test.pptx
[22:16:52][135685514012224[INFO][asynclogger][Service.hpp:559]	request download_path:./low_storage/test.pptx
[22:16:52][135685514012224[INFO][asynclogger][Service.hpp:668]	evhttp_send_reply: HTTP_OK
[22:16:52][135685514012224[INFO][asynclogger][Service.hpp:92]	get req, uri: /download/test.pptx
[22:16:52][135685514012224[INFO][asynclogger][Service.hpp:545]	request resource_path:/download/test.pptx
[22:16:52][135685514012224[INFO][asynclogger][Service.hpp:559]	request download_path:./low_storage/test.pptx
[22:16:52][135685514012224[INFO][asynclogger][Service.hpp:668]	evhttp_send_reply: HTTP_OK
[22:16:52][135685514012224[INFO][asynclogger][Service.hpp:92]	get req, uri: /download/test.pptx
[22:16:52][135685514012224[INFO][asynclogger][Service.hpp:545]	request resource_path:/download/test.pptx
[22:16:52][135685514012224[INFO][asynclogger][Service.hpp:559]	request download_path:./low_storage/test.pptx
[22:16:52][135685514012224[INFO][asynclogger][Service.hpp:668]	evhttp_send_reply: HTTP_OK
[22:16:52][135685514012224[INFO][asynclogger][Service.hpp:92]	get req, uri: /download/test.pptx
[22:16:52][135685514012224[INFO][asynclogger][Service.hpp:545]	request resource_path:/download/test.pptx
[22:16:52][135685514012224[INFO][asynclogger][Service.hpp:559]	request download_path:./low_storage/test.pptx
[22:16:52][135685514012224[INFO][asynclogger][Service.hpp:668]	evhttp_send_reply: HTTP_OK
[22:16:52][135685514012224[INFO][asynclogger][Service.hpp:92]	get req, uri: /download/test.pptx
[22:16:52][135685514012224[INFO][asynclogger][Service.hpp:545]	request resource_path:/download/test.pptx
[22:16:52][135685514012224[INFO][asynclogger][Service.hpp:559]	request download_path:./low_storage/test.pptx
[22:16:52][135685514012224[INFO][asynclogger][Service.hpp:668]	evhttp_send_reply: HTTP_OK
[22:16:52][135685514012224[INFO][asynclogger][Service.hpp:92]	get req, uri: /download/test.pptx
[22:16:52][135685514012224[INFO][asynclogger][Service.hpp:545]	request resource_path:/download/test.pptx
[22:16:52][135685514012224[INFO][asynclogger][Service.hpp:559]	request download_path:./low_storage/test.pptx
[22:16:52][135685514012224[INFO][asynclogger][Service.hpp:668]	evhttp_send_reply: HTTP_OK
[22:16:52][135685514012224[INFO][asynclogger][Service.hpp:92]	get req, uri: /download/test.pptx
[22:16:52][135685514012224[INFO][asynclogger][Service.hpp:545]	request resource_path:/download/test.pptx
[22:16:52][135685514012224[INFO][asynclogger][Service.hpp:559]	request download_path:./low_storage/test.pptx
[22:16:52][135685514012224[INFO][asynclogger][Service.hpp:668]	evhttp_send_reply: HTTP_OK
[22:16:52][135685514012224[INFO][asynclogger][Service.hpp:92]	get req, uri: /download/test.pptx
[22:16:52][135685514012224[INFO][asynclogger][Service.hpp:545]	request resource_path:/download/test.pptx
[22:16:52][135685514012224[INFO][asynclogger][Service.hpp:559]	request download_path:./low_storage/test.pptx
[22:16:52][135685514012224[INFO][asynclogger][Service.hpp:668]	evhttp_send_reply: HTTP_OK
[22:16:52][135685514012224[INFO][asynclogger][Service.hpp:92]	get req, uri: /download/test.pptx
[22:16:52][135685514012224[INFO][asynclogger][Service.hpp:545]	request resource_path:/download/test.pptx
[22:16:52][135685514012224[INFO][asynclogger][Service.hpp:559]	request download_path:./low_storage/test.pptx
[22:16:52][135685514012224[INFO][asynclogger][Service.hpp:668]	evhttp_send_reply: HTTP_OK
[22:16:52][135685514012224[INFO][asynclogger][Service.hpp:92]	get req, uri: /download/test.pptx
[22:16:52][135685514012224[INFO][asynclogger][Service.hpp:545]	request resource_path:/download/test.pptx
[22:16:52][135685514012224[INFO][asynclogger][Service.hpp:559]	request download_path:./low_storage/test.pptx
[22:16:52][135685514012224[INFO][asynclogger][Service.hpp:668]	evhttp_send_reply: HTTP_OK
[22:16:52][135685514012224[INFO][asynclogger][Service.hpp:92]	get req, uri: /download/test.pptx
[22:16:52][135685514012224[INFO][asynclogger][Service.hpp:545]	request resource_path:/download/test.pptx
[22:16:52][135685514012224[INFO][asynclogger][Service.hpp:559]	request download_path:./low_storage/test.pptx
[22:16:52][135685514012224[INFO][asynclogger][Service.hpp:668]	evhttp_send_reply: HTTP_OK
[22:16:52][135685514012224[INFO][asynclogger][Service.hpp:92]	get req, uri: /download/test.pptx
[22:16:52][135685514012224[INFO][asynclogger][Service.hpp:545]	request resource_path:/download/test.pptx
[22:16:52][135685514012224[INFO][asynclogger][Service.hpp:559]	request download_path:./low_storage/test.pptx
[22:16:52][135685514012224[INFO][asynclogger][Service.hpp:668]	evhttp_send_reply: HTTP_OK
[22:16:52][135685514012224[INFO][asynclogger][Service.hpp:92]	get req, uri: /download/test.pptx
[22:16:52][135685514012224[INFO][asynclogger][Service.hpp:545]	request resource_path:/download/test.pptx
[22:16:52][135685514012224[INFO][asynclogger][Service.hpp:559]	request download_path:./low_storage/test.pptx
[22:16:52][135685514012224[INFO][asynclogger][Service.hpp:668]	evhttp_send_reply: HTTP_OK
[22:16:52][135685514012224[INFO][asynclogger][Service.hpp:92]	get req, uri: /download/test.pptx
[22:16:52][135685514012224[INFO][asynclogger][Service.hpp:545]	request resource_path:/download/test.pptx
[22:16:52][135685514012224[INFO][asynclogger][Service.hpp:559]	request download_path:./low_storage/test.pptx
[22:16:52][135685514012224[INFO][asynclogger][Service.hpp:668]	evhttp_send_reply: HTTP_OK
[22:16:52][135685514012224[INFO][asynclogger][Service.hpp:92]	get req, uri: /download/test.pptx
[22:16:52][135685514012224[INFO][asynclogger][Service.hpp:545]	request resource_path:/download/test.pptx
[22:16:52][135685514012224[INFO][asynclogger][Service.hpp:559]	request download_path:./low_storage/test.pptx
[22:16:52][135685514012224[INFO][asynclogger][Service.hpp:668]	evhttp_send_reply: HTTP_OK
[22:16:52][135685514012224[INFO][asynclogger][Service.hpp:92]	get req, uri: /download/test.pptx
[22:16:52][135685514012224[INFO][asynclogger][Service.hpp:545]	request resource_path:/download/test.pptx
[22:16:52][135685514012224[INFO][asynclogger][Service.hpp:559]	request download_path:./low_storage/test.pptx
[22:16:52][135685514012224[INFO][asynclogger][Service.hpp:668]	evhttp_send_reply: HTTP_OK
[22:16:52][135685514012224[INFO][asynclogger][Service.hpp:92]	get req, uri: /download/test.pptx
[22:16:52][135685514012224[INFO][asynclogger][Service.hpp:545]	request resource_path:/download/test.pptx
[22:16:52][135685514012224[INFO][asynclogger][Service.hpp:559]	request download_path:./low_storage/test.pptx
[22:16:52][135685514012224[INFO][asynclogger][Service.hpp:668]	evhttp_send_reply: HTTP_OK
[22:16:52][135685514012224[INFO][asynclogger][Service.hpp:92]	get req, uri: /download/test.pptx
[22:16:52][135685514012224[INFO][asynclogger][Service.hpp:545]	request resource_path:/download/test.pptx
[22:16:52][135685514012224[INFO][asynclogger][Service.hpp:559]	request download_path:./low_storage/test.pptx
[22:16:52][135685514012224[INFO][asynclogger][Service.hpp:668]	evhttp_send_reply: HTTP_OK
[22:16:52][135685514012224[INFO][asynclogger][Service.hpp:92]	get req, uri: /download/test.pptx
[22:16:52][135685514012224[INFO][asynclogger][Service.hpp:545]	request resource_path:/download/test.pptx
[22:16:52][135685514012224[INFO][asynclogger][Service.hpp:559]	request download_path:./low_storage/test.pptx
[22:16:52][135685514012224[INFO][asynclogger][Service.hpp:668]	evhttp_send_reply: HTTP_OK
[22:16:52][135685514012224[INFO][asynclogger][Service.hpp:92]	get req, uri: /download/test.pptx
[22:16:52][135685514012224[INFO][asynclogger][Service.hpp:545]	request resource_path:/download/test.pptx
[22:16:52][135685514012224[INFO][asynclogger][Service.hpp:559]	request download_path:./low_storage/test.pptx
[22:16:52][135685514012224[INFO][asynclogger][Service.hpp:668]	evhttp_send_reply: HTTP_OK
[22:16:52][135685514012224[INFO][asynclogger][Service.hpp:92]	get req, uri: /download/test.pptx
[22:16:52][135685514012224[INFO][asynclogger][Service.hpp:545]	request resource_path:/download/test.pptx
[22:16:52][135685514012224[INFO][asynclogger][Service.hpp:559]	request download_path:./low_storage/test.pptx
[22:16:52][135685514012224[INFO][asynclogger][Service.hpp:668]	evhttp_send_reply: HTTP_OK
[22:16:52][135685514012224[INFO][asynclogger][Service.hpp:92]	get req, uri: /download/test.pptx
[22:16:52][135685514012224[INFO][asynclogger][Service.hpp:545]	request resource_path:/download/test.pptx
[22:16:52][135685514012224[INFO][asynclogger][Service.hpp:559]	request download_path:./low_storage/test.pptx
[22:16:52][135685514012224[INFO][asynclogger][Service.hpp:668]	evhttp_send_reply: HTTP_OK
[22:16:52][135685514012224[INFO][asynclogger][Service.hpp:92]	get req, uri: /download/test.pptx
[22:16:52][135685514012224[INFO][asynclogger][Service.hpp:545]	request resource_path:/download/test.pptx
[22:16:52][135685514012224[INFO][asynclogger][Service.hpp:559]	request download_path:./low_storage/test.pptx
[22:16:52][135685514012224[INFO][asynclogger][Service.hpp:668]	evhttp_send_reply: HTTP_OK
[22:16:52][135685514012224[INFO][asynclogger][Service.hpp:92]	get req, uri: /download/test.pptx
[22:16:52][135685514012224[INFO][asynclogger][Service.hpp:545]	request resource_path:/download/test.pptx
[22:16:52][135685514012224[INFO][asynclogger][Service.hpp:559]	request download_path:./low_storage/test.pptx
[22:16:52][135685514012224[INFO][asynclogger][Service.hpp:668]	evhttp_send_reply: HTTP_OK
[22:16:52][135685514012224[INFO][asynclogger][Service.hpp:92]	get req, uri: /download/test.pptx
[22:16:52][135685514012224[INFO][asynclogger][Service.hpp:545]	request resource_path:/download/test.pptx
[22:16:52][135685514012224[INFO][asynclogger][Service.hpp:559]	request download_path:./low_storage/test.pptx
[22:16:52][135685514012224[INFO][asynclogger][Service.hpp:668]	evhttp_send_reply: HTTP_OK
[22:16:52][135685514012224[INFO][asynclogger][Service.hpp:92]	get req, uri: /download/test.pptx
[22:16:52][135685514012224[INFO][asynclogger][Service.hpp:545]	request resource_path:/download/test.pptx
[22:16:52][135685514012224[INFO][asynclogger][Service.hpp:559]	request download_path:./low_storage/test.pptx
[22:16:52][135685514012224[INFO][asynclogger][Service.hpp:668]	evhttp_send_reply: HTTP_OK
[22:16:52][135685514012224[INFO][asynclogger][Service.hpp:92]	get req, uri: /download/test.pptx
[22:16:52][135685514012224[INFO][asynclogger][Service.hpp:545]	request resource_path:/download/test.pptx
[22:16:52][135685514012224[INFO][asynclogger][Service.hpp:559]	request download_path:./low_storage/test.pptx
[22:16:52][135685514012224[INFO][asynclogger][Service.hpp:668]	evhttp_send_reply: HTTP_OK
[22:16:52][135685514012224[INFO][asynclogger][Service.hpp:92]	get req, uri: /download/test.pptx
[22:16:52][135685514012224[INFO][asynclogger][Service.hpp:545]	request resource_path:/download/test.pptx
[22:16:52][135685514012224[INFO][asynclogger][Service.hpp:559]	request download_path:./low_storage/test.pptx
[22:16:52][135685514012224[INFO][asynclogger][Service.hpp:668]	evhttp_send_reply: HTTP_OK
[22:16:52][135685514012224[INFO][asynclogger][Service.hpp:92]	get req, uri: /download/test.pptx
[22:16:52][135685514012224[INFO][asynclogger][Service.hpp:545]	request resource_path:/download/test.pptx
[22:16:52][135685514012224[INFO][asynclogger][Service.hpp:559]	request download_path:./low_storage/test.pptx
[22:16:52][135685514012224[INFO][asynclogger][Service.hpp:668]	evhttp_send_reply: HTTP_OK
[22:16:52][135685514012224[INFO][asynclogger][Service.hpp:92]	get req, uri: /download/test.pptx
[22:16:52][135685514012224[INFO][asynclogger][Service.hpp:545]	request resource_path:/download/test.pptx
[22:16:52][135685514012224[INFO][asynclogger][Service.hpp:559]	request download_path:./low_storage/test.pptx
[22:16:52][135685514012224[INFO][asynclogger][Service.hpp:668]	evhttp_send_reply: HTTP_OK
[22:16:52][135685514012224[INFO][asynclogger][Service.hpp:92]	get req, uri: /download/test.pptx
[22:16:52][135685514012224[INFO][asynclogger][Service.hpp:545]	request resource_path:/download/test.pptx
[22:16:52][135685514012224[INFO][asynclogger][Service.hpp:559]	request download_path:./low_storage/test.pptx
[22:16:52][135685514012224[INFO][asynclogger][Service.hpp:668]	evhttp_send_reply: HTTP_OK
[22:16:52][135685514012224[INFO][asynclogger][Service.hpp:92]	get req, uri: /download/test.pptx
[22:16:52][135685514012224[INFO][asynclogger][Service.hpp:545]	request resource_path:/download/test.pptx
[22:16:52][135685514012224[INFO][asynclogger][Service.hpp:559]	request download_path:./low_storage/test.pptx
[22:16:52][135685514012224[INFO][asynclogger][Service.hpp:668]	evhttp_send_reply: HTTP_OK
[22:16:52][135685514012224[INFO][asynclogger][Service.hpp:92]	get req, uri: /download/test.pptx
[22:16:52][135685514012224[INFO][asynclogger][Service.hpp:545]	request resource_path:/download/test.pptx
[22:16:52][135685514012224[INFO][asynclogger][Service.hpp:559]	request download_path:./low_storage/test.pptx
[22:16:52][135685514012224[INFO][asynclogger][Service.hpp:668]	evhttp_send_reply: HTTP_OK
[22:16:52][135685514012224[INFO][asynclogger][Service.hpp:92]	get req, uri: /download/test.pptx
[22:16:52][135685514012224[INFO][asynclogger][Service.hpp:545]	request resource_path:/download/test.pptx
[22:16:52][135685514012224[INFO][asynclogger][Service.hpp:559]	request download_path:./low_storage/test.pptx
[22:16:52][135685514012224[INFO][asynclogger][Service.hpp:668]	evhttp_send_reply: HTTP_OK
[22:16:52][135685514012224[INFO][asynclogger][Service.hpp:92]	get req, uri: /download/test.pptx
[22:16:52][135685514012224[INFO][asynclogger][Service.hpp:545]	request resource_path:/download/test.pptx
[22:16:52][135685514012224[INFO][asynclogger][Service.hpp:559]	request download_path:./low_storage/test.pptx
[22:16:52][135685514012224[INFO][asynclogger][Service.hpp:668]	evhttp_send_reply: HTTP_OK
[22:16:52][135685514012224[INFO][asynclogger][Service.hpp:92]	get req, uri: /download/test.pptx
[22:16:52][135685514012224[INFO][asynclogger][Service.hpp:545]	request resource_path:/download/test.pptx
[22:16:52][135685514012224[INFO][asynclogger][Service.hpp:559]	request download_path:./low_storage/test.pptx
[22:16:52][135685514012224[INFO][asynclogger][Service.hpp:668]	evhttp_send_reply: HTTP_OK
[22:16:52][135685514012224[INFO][asynclogger][Service.hpp:92]	get req, uri: /download/test.pptx
[22:16:52][135685514012224[INFO][asynclogger][Service.hpp:545]	request resource_path:/download/test.pptx
[22:16:52][135685514012224[INFO][asynclogger][Service.hpp:559]	request download_path:./low_storage/test.pptx
[22:16:52][135685514012224[INFO][asynclogger][Service.hpp:668]	evhttp_send_reply: HTTP_OK
[22:16:52][135685514012224[INFO][asynclogger][Service.hpp:92]	get req, uri: /download/test.pptx
[22:16:52][135685514012224[INFO][asynclogger][Service.hpp:545]	request resource_path:/download/test.pptx
[22:16:52][135685514012224[INFO][asynclogger][Service.hpp:559]	request download_path:./low_storage/test.pptx
[22:16:52][135685514012224[INFO][asynclogger][Service.hpp:668]	evhttp_send_reply: HTTP_OK
[22:16:52][135685514012224[INFO][asynclogger][Service.hpp:92]	get req, uri: /download/test.pptx
[22:16:52][135685514012224[INFO][asynclogger][Service.hpp:545]	request resource_path:/download/test.pptx
[22:16:52][135685514012224[INFO][asynclogger][Service.hpp:559]	request download_path:./low_storage/test.pptx
[22:16:52][135685514012224[INFO][asynclogger][Service.hpp:668]	evhttp_send_reply: HTTP_OK
[22:16:52][135685514012224[INFO][asynclogger][Service.hpp:92]	get req, uri: /download/test.pptx
[22:16:52][135685514012224[INFO][asynclogger][Service.hpp:545]	request resource_path:/download/test.pptx
[22:16:52][135685514012224[INFO][asynclogger][Service.hpp:559]	request download_path:./low_storage/test.pptx
[22:16:52][135685514012224[INFO][asynclogger][Service.hpp:668]	evhttp_send_reply: HTTP_OK
[22:16:52][135685514012224[INFO][asynclogger][Service.hpp:92]	get req, uri: /download/test.pptx
[22:16:52][135685514012224[INFO][asynclogger][Service.hpp:545]	request resource_path:/download/test.pptx
[22:16:52][135685514012224[INFO][asynclogger][Service.hpp:559]	request download_path:./low_storage/test.pptx
[22:16:52][135685514012224[INFO][asynclogger][Service.hpp:668]	evhttp_send_reply: HTTP_OK
[22:16:52][135685514012224[INFO][asynclogger][Service.hpp:92]	get req, uri: /download/test.pptx
[22:16:52][135685514012224[INFO][asynclogger][Service.hpp:545]	request resource_path:/download/test.pptx
[22:16:52][135685514012224[INFO][asynclogger][Service.hpp:559]	request download_path:./low_storage/test.pptx
[22:16:52][135685514012224[INFO][asynclogger][Service.hpp:668]	evhttp_send_reply: HTTP_OK
[22:16:52][135685514012224[INFO][asynclogger][Service.hpp:92]	get req, uri: /download/test.pptx
[22:16:52][135685514012224[INFO][asynclogger][Service.hpp:545]	request resource_path:/download/test.pptx
[22:16:52][135685514012224[INFO][asynclogger][Service.hpp:559]	request download_path:./low_storage/test.pptx
[22:16:52][135685514012224[INFO][asynclogger][Service.hpp:668]	evhttp_send_reply: HTTP_OK
[22:16:52][135685514012224[INFO][asynclogger][Service.hpp:92]	get req, uri: /download/test.pptx
[22:16:52][135685514012224[INFO][asynclogger][Service.hpp:545]	request resource_path:/download/test.pptx
[22:16:52][135685514012224[INFO][asynclogger][Service.hpp:559]	request download_path:./low_storage/test.pptx
[22:16:52][135685514012224[INFO][asynclogger][Service.hpp:668]	evhttp_send_reply: HTTP_OK
[22:16:52][135685514012224[INFO][asynclogger][Service.hpp:92]	get req, uri: /download/test.pptx
[22:16:52][135685514012224[INFO][asynclogger][Service.hpp:545]	request resource_path:/download/test.pptx
[22:16:52][135685514012224[INFO][asynclogger][Service.hpp:559]	request download_path:./low_storage/test.pptx
[22:16:52][135685514012224[INFO][asynclogger][Service.hpp:668]	evhttp_send_reply: HTTP_OK
[22:16:52][135685514012224[INFO][asynclogger][Service.hpp:92]	get req, uri: /download/test.pptx
[22:16:52][135685514012224[INFO][asynclogger][Service.hpp:545]	request resource_path:/download/test.pptx
[22:16:52][135685514012224[INFO][asynclogger][Service.hpp:559]	request download_path:./low_storage/test.pptx
[22:16:52][135685514012224[INFO][asynclogger][Service.hpp:668]	evhttp_send_reply: HTTP_OK
[22:16:52][135685514012224[INFO][asynclogger][Service.hpp:92]	get req, uri: /download/test.pptx
[22:16:52][135685514012224[INFO][asynclogger][Service.hpp:545]	request resource_path:/download/test.pptx
[22:16:52][135685514012224[INFO][asynclogger][Service.hpp:559]	request download_path:./low_storage/test.pptx
[22:16:52][135685514012224[INFO][asynclogger][Service.hpp:668]	evhttp_send_reply: HTTP_OK
[22:16:52][135685514012224[INFO][asynclogger][Service.hpp:92]	get req, uri: /download/test.pptx
[22:16:52][135685514012224[INFO][asynclogger][Service.hpp:545]	request resource_path:/download/test.pptx
[22:16:52][135685514012224[INFO][asynclogger][Service.hpp:559]	request download_path:./low_storage/test.pptx
[22:16:52][135685514012224[INFO][asynclogger][Service.hpp:668]	evhttp_send_reply: HTTP_OK
[22:16:52][135685514012224[INFO][asynclogger][Service.hpp:92]	get req, uri: /download/test.pptx
[22:16:52][135685514012224[INFO][asynclogger][Service.hpp:545]	request resource_path:/download/test.pptx
[22:16:52][135685514012224[INFO][asynclogger][Service.hpp:559]	request download_path:./low_storage/test.pptx
[22:16:52][135685514012224[INFO][asynclogger][Service.hpp:668]	evhttp_send_reply: HTTP_OK
[22:16:52][135685514012224[INFO][asynclogger][Service.hpp:92]	get req, uri: /download/test.pptx
[22:16:52][135685514012224[INFO][asynclogger][Service.hpp:545]	request resource_path:/download/test.pptx
[22:16:52][135685514012224[INFO][asynclogger][Service.hpp:559]	request download_path:./low_storage/test.pptx
[22:16:52][135685514012224[INFO][asynclogger][Service.hpp:668]	evhttp_send_reply: HTTP_OK
[22:16:52][135685514012224[INFO][asynclogger][Service.hpp:92]	get req, uri: /download/test.pptx
[22:16:52][135685514012224[INFO][asynclogger][Service.hpp:545]	request resource_path:/download/test.pptx
[22:16:52][135685514012224[INFO][asynclogger][Service.hpp:559]	request download_path:./low_storage/test.pptx
[22:16:52][135685514012224[INFO][asynclogger][Service.hpp:668]	evhttp_send_reply: HTTP_OK
[22:16:52][135685514012224[INFO][asynclogger][Service.hpp:92]	get req, uri: /download/test.pptx
[22:16:52][135685514012224[INFO][asynclogger][Service.hpp:545]	request resource_path:/download/test.pptx
[22:16:52][135685514012224[INFO][asynclogger][Service.hpp:559]	request download_path:./low_storage/test.pptx
[22:16:52][135685514012224[INFO][asynclogger][Service.hpp:668]	evhttp_send_reply: HTTP_OK
[22:16:52][135685514012224[INFO][asynclogger][Service.hpp:92]	get req, uri: /download/test.pptx
[22:16:52][135685514012224[INFO][asynclogger][Service.hpp:545]	request resource_path:/download/test.pptx
[22:16:52][135685514012224[INFO][asynclogger][Service.hpp:559]	request download_path:./low_storage/test.pptx
[22:16:52][135685514012224[INFO][asynclogger][Service.hpp:668]	evhttp_send_reply: HTTP_OK
[22:16:52][135685514012224[INFO][asynclogger][Service.hpp:92]	get req, uri: /download/test.pptx
[22:16:52][135685514012224[INFO][asynclogger][Service.hpp:545]	request resource_path:/download/test.pptx
[22:16:52][135685514012224[INFO][asynclogger][Service.hpp:559]	request download_path:./low_storage/test.pptx
[22:16:52][135685514012224[INFO][asynclogger][Service.hpp:668]	evhttp_send_reply: HTTP_OK
[22:16:52][135685514012224[INFO][asynclogger][Service.hpp:92]	get req, uri: /download/test.pptx
[22:16:52][135685514012224[INFO][asynclogger][Service.hpp:545]	request resource_path:/download/test.pptx
[22:16:52][135685514012224[INFO][asynclogger][Service.hpp:559]	request download_path:./low_storage/test.pptx
[22:16:52][135685514012224[INFO][asynclogger][Service.hpp:668]	evhttp_send_reply: HTTP_OK
[22:16:52][135685514012224[INFO][asynclogger][Service.hpp:92]	get req, uri: /download/test.pptx
[22:16:52][135685514012224[INFO][asynclogger][Service.hpp:545]	request resource_path:/download/test.pptx
[22:16:52][135685514012224[INFO][asynclogger][Service.hpp:559]	request download_path:./low_storage/test.pptx
[22:16:52][135685514012224[INFO][asynclogger][Service.hpp:668]	evhttp_send_reply: HTTP_OK
[22:16:52][135685514012224[INFO][asynclogger][Service.hpp:92]	get req, uri: /download/test.pptx
[22:16:52][135685514012224[INFO][asynclogger][Service.hpp:545]	request resource_path:/download/test.pptx
[22:16:52][135685514012224[INFO][asynclogger][Service.hpp:559]	request download_path:./low_storage/test.pptx
[22:16:52][135685514012224[INFO][asynclogger][Service.hpp:668]	evhttp_send_reply: HTTP_OK
[22:16:52][135685514012224[INFO][asynclogger][Service.hpp:92]	get req, uri: /download/test.pptx
[22:16:52][135685514012224[INFO][asynclogger][Service.hpp:545]	request resource_path:/download/test.pptx
[22:16:52][135685514012224[INFO][asynclogger][Service.hpp:559]	request download_path:./low_storage/test.pptx
[22:16:52][135685514012224[INFO][asynclogger][Service.hpp:668]	evhttp_send_reply: HTTP_OK
[22:16:52][135685514012224[INFO][asynclogger][Service.hpp:92]	get req, uri: /download/test.pptx
[22:16:52][135685514012224[INFO][asynclogger][Service.hpp:545]	request resource_path:/download/test.pptx
[22:16:52][135685514012224[INFO][asynclogger][Service.hpp:559]	request download_path:./low_storage/test.pptx
[22:16:52][135685514012224[INFO][asynclogger][Service.hpp:668]	evhttp_send_reply: HTTP_OK
[22:16:52][135685514012224[INFO][asynclogger][Service.hpp:92]	get req, uri: /download/test.pptx
[22:16:52][135685514012224[INFO][asynclogger][Service.hpp:545]	request resource_path:/download/test.pptx
[22:16:52][135685514012224[INFO][asynclogger][Service.hpp:559]	request download_path:./low_storage/test.pptx
[22:16:52][135685514012224[INFO][asynclogger][Service.hpp:668]	evhttp_send_reply: HTTP_OK
[22:16:52][135685514012224[INFO][asynclogger][Service.hpp:92]	get req, uri: /download/test.pptx
[22:16:52][135685514012224[INFO][asynclogger][Service.hpp:545]	request resource_path:/download/test.pptx
[22:16:52][135685514012224[INFO][asynclogger][Service.hpp:559]	request download_path:./low_storage/test.pptx
[22:16:52][135685514012224[INFO][asynclogger][Service.hpp:668]	evhttp_send_reply: HTTP_OK
[22:16:52][135685514012224[INFO][asynclogger][Service.hpp:92]	get req, uri: /download/test.pptx
[22:16:52][135685514012224[INFO][asynclogger][Service.hpp:545]	request resource_path:/download/test.pptx
[22:16:52][135685514012224[INFO][asynclogger][Service.hpp:559]	request download_path:./low_storage/test.pptx
[22:16:52][135685514012224[INFO][asynclogger][Service.hpp:668]	evhttp_send_reply: HTTP_OK
[22:16:52][135685514012224[INFO][asynclogger][Service.hpp:92]	get req, uri: /download/test.pptx
[22:16:52][135685514012224[INFO][asynclogger][Service.hpp:545]	request resource_path:/download/test.pptx
[22:16:52][135685514012224[INFO][asynclogger][Service.hpp:559]	request download_path:./low_storage/test.pptx
[22:16:52][135685514012224[INFO][asynclogger][Service.hpp:668]	evhttp_send_reply: HTTP_OK
[22:16:52][135685514012224[INFO][asynclogger][Service.hpp:92]	get req, uri: /download/test.pptx
[22:16:52][135685514012224[INFO][asynclogger][Service.hpp:545]	request resource_path:/download/test.pptx
[22:16:52][135685514012224[INFO][asynclogger][Service.hpp:559]	request download_path:./low_storage/test.pptx
[22:16:52][135685514012224[INFO][asynclogger][Service.hpp:668]	evhttp_send_reply: HTTP_OK
[22:16:52][135685514012224[INFO][asynclogger][Service.hpp:92]	get req, uri: /download/test.pptx
[22:16:52][135685514012224[INFO][asynclogger][Service.hpp:545]	request resource_path:/download/test.pptx
[22:16:52][135685514012224[INFO][asynclogger][Service.hpp:559]	request download_path:./low_storage/test.pptx
[22:16:52][135685514012224[INFO][asynclogger][Service.hpp:668]	evhttp_send_reply: HTTP_OK
[22:16:52][135685514012224[INFO][asynclogger][Service.hpp:92]	get req, uri: /download/test.pptx
[22:16:52][135685514012224[INFO][asynclogger][Service.hpp:545]	request resource_path:/download/test.pptx
[22:16:52][135685514012224[INFO][asynclogger][Service.hpp:559]	request download_path:./low_storage/test.pptx
[22:16:52][135685514012224[INFO][asynclogger][Service.hpp:668]	evhttp_send_reply: HTTP_OK
[22:16:52][135685514012224[INFO][asynclogger][Service.hpp:92]	get req, uri: /download/test.pptx
[22:16:52][135685514012224[INFO][asynclogger][Service.hpp:545]	request resource_path:/download/test.pptx
[22:16:52][135685514012224[INFO][asynclogger][Service.hpp:559]	request download_path:./low_storage/test.pptx
[22:16:52][135685514012224[INFO][asynclogger][Service.hpp:668]	evhttp_send_reply: HTTP_OK
[22:16:52][135685514012224[INFO][asynclogger][Service.hpp:92]	get req, uri: /download/test.pptx
[22:16:52][135685514012224[INFO][asynclogger][Service.hpp:545]	request resource_path:/download/test.pptx
[22:16:52][135685514012224[INFO][asynclogger][Service.hpp:559]	request download_path:./low_storage/test.pptx
[22:16:52][135685514012224[INFO][asynclogger][Service.hpp:668]	evhttp_send_reply: HTTP_OK
[22:16:52][135685514012224[INFO][asynclogger][Service.hpp:92]	get req, uri: /download/test.pptx
[22:16:52][135685514012224[INFO][asynclogger][Service.hpp:545]	request resource_path:/download/test.pptx
[22:16:52][135685514012224[INFO][asynclogger][Service.hpp:559]	request download_path:./low_storage/test.pptx
[22:16:52][135685514012224[INFO][asynclogger][Service.hpp:668]	evhttp_send_reply: HTTP_OK
[22:16:52][135685514012224[INFO][asynclogger][Service.hpp:92]	get req, uri: /download/test.pptx
[22:16:52][135685514012224[INFO][asynclogger][Service.hpp:545]	request resource_path:/download/test.pptx
[22:16:52][135685514012224[INFO][asynclogger][Service.hpp:559]	request download_path:./low_storage/test.pptx
[22:16:52][135685514012224[INFO][asynclogger][Service.hpp:668]	evhttp_send_reply: HTTP_OK
[22:16:52][135685514012224[INFO][asynclogger][Service.hpp:92]	get req, uri: /download/test.pptx
[22:16:52][135685514012224[INFO][asynclogger][Service.hpp:545]	request resource_path:/download/test.pptx
[22:16:52][135685514012224[INFO][asynclogger][Service.hpp:559]	request download_path:./low_storage/test.pptx
[22:16:52][135685514012224[INFO][asynclogger][Service.hpp:668]	evhttp_send_reply: HTTP_OK
[22:16:52][135685514012224[INFO][asynclogger][Service.hpp:92]	get req, uri: /download/test.pptx
[22:16:52][135685514012224[INFO][asynclogger][Service.hpp:545]	request resource_path:/download/test.pptx
[22:16:52][135685514012224[INFO][asynclogger][Service.hpp:559]	request download_path:./low_storage/test.pptx
[22:16:52][135685514012224[INFO][asynclogger][Service.hpp:668]	evhttp_send_reply: HTTP_OK
[22:16:52][135685514012224[INFO][asynclogger][Service.hpp:92]	get req, uri: /download/test.pptx
[22:16:52][135685514012224[INFO][asynclogger][Service.hpp:545]	request resource_path:/download/test.pptx
[22:16:52][135685514012224[INFO][asynclogger][Service.hpp:559]	request download_path:./low_storage/test.pptx
[22:16:52][135685514012224[INFO][asynclogger][Service.hpp:668]	evhttp_send_reply: HTTP_OK
[22:16:52][135685514012224[INFO][asynclogger][Service.hpp:92]	get req, uri: /download/test.pptx
[22:16:52][135685514012224[INFO][asynclogger][Service.hpp:545]	request resource_path:/download/test.pptx
[22:16:52][135685514012224[INFO][asynclogger][Service.hpp:559]	request download_path:./low_storage/test.pptx
[22:16:52][135685514012224[INFO][asynclogger][Service.hpp:668]	evhttp_send_reply: HTTP_OK
[22:16:52][135685514012224[INFO][asynclogger][Service.hpp:92]	get req, uri: /download/test.pptx
[22:16:52][135685514012224[INFO][asynclogger][Service.hpp:545]	request resource_path:/download/test.pptx
[22:16:52][135685514012224[INFO][asynclogger][Service.hpp:559]	request download_path:./low_storage/test.pptx
[22:16:52][135685514012224[INFO][asynclogger][Service.hpp:668]	evhttp_send_reply: HTTP_OK
[22:16:52][135685514012224[INFO][asynclogger][Service.hpp:92]	get req, uri: /download/test.pptx
[22:16:52][135685514012224[INFO][asynclogger][Service.hpp:545]	request resource_path:/download/test.pptx
[22:16:52][135685514012224[INFO][asynclogger][Service.hpp:559]	request download_path:./low_storage/test.pptx
[22:16:52][135685514012224[INFO][asynclogger][Service.hpp:668]	evhttp_send_reply: HTTP_OK
[22:16:52][135685514012224[INFO][asynclogger][Service.hpp:92]	get req, uri: /download/test.pptx
[22:16:52][135685514012224[INFO][asynclogger][Service.hpp:545]	request resource_path:/download/test.pptx
[22:16:52][135685514012224[INFO][asynclogger][Service.hpp:559]	request download_path:./low_storage/test.pptx
[22:16:52][135685514012224[INFO][asynclogger][Service.hpp:668]	evhttp_send_reply: HTTP_OK
[22:16:52][135685514012224[INFO][asynclogger][Service.hpp:92]	get req, uri: /download/test.pptx
[22:16:52][135685514012224[INFO][asynclogger][Service.hpp:545]	request resource_path:/download/test.pptx
[22:16:52][135685514012224[INFO][asynclogger][Service.hpp:559]	request download_path:./low_storage/test.pptx
[22:16:52][135685514012224[INFO][asynclogger][Service.hpp:668]	evhttp_send_reply: HTTP_OK
[22:16:52][135685514012224[INFO][asynclogger][Service.hpp:92]	get req, uri: /download/test.pptx
[22:16:52][135685514012224[INFO][asynclogger][Service.hpp:545]	request resource_path:/download/test.pptx
[22:16:52][135685514012224[INFO][asynclogger][Service.hpp:559]	request download_path:./low_storage/test.pptx
[22:16:52][135685514012224[INFO][asynclogger][Service.hpp:668]	evhttp_send_reply: HTTP_OK
[22:16:53][135685514012224[INFO][asynclogger][Service.hpp:92]	get req, uri: /download/test.pptx
[22:16:53][135685514012224[INFO][asynclogger][Service.hpp:545]	request resource_path:/download/test.pptx
[22:16:53][135685514012224[INFO][asynclogger][Service.hpp:559]	request download_path:./low_storage/test.pptx
[22:16:53][135685514012224[INFO][asynclogger][Service.hpp:668]	evhttp_send_reply: HTTP_OK
[22:16:53][135685514012224[INFO][asynclogger][Service.hpp:92]	get req, uri: /download/test.pptx
[22:16:53][135685514012224[INFO][asynclogger][Service.hpp:545]	request resource_path:/download/test.pptx
[22:16:53][135685514012224[INFO][asynclogger][Service.hpp:559]	request download_path:./low_storage/test.pptx
[22:16:53][135685514012224[INFO][asynclogger][Service.hpp:668]	evhttp_send_reply: HTTP_OK
[22:16:53][135685514012224[INFO][asynclogger][Service.hpp:92]	get req, uri: /download/test.pptx
[22:16:53][135685514012224[INFO][asynclogger][Service.hpp:545]	request resource_path:/download/test.pptx
[22:16:53][135685514012224[INFO][asynclogger][Service.hpp:559]	request download_path:./low_storage/test.pptx
[22:16:53][135685514012224[INFO][asynclogger][Service.hpp:668]	evhttp_send_reply: HTTP_OK
[22:16:53][135685514012224[INFO][asynclogger][Service.hpp:92]	get req, uri: /download/test.pptx
[22:16:53][135685514012224[INFO][asynclogger][Service.hpp:545]	request resource_path:/download/test.pptx
[22:16:53][135685514012224[INFO][asynclogger][Service.hpp:559]	request download_path:./low_storage/test.pptx
[22:16:53][135685514012224[INFO][asynclogger][Service.hpp:668]	evhttp_send_reply: HTTP_OK
[22:16:53][135685514012224[INFO][asynclogger][Service.hpp:92]	get req, uri: /download/test.pptx
[22:16:53][135685514012224[INFO][asynclogger][Service.hpp:545]	request resource_path:/download/test.pptx
[22:16:53][135685514012224[INFO][asynclogger][Service.hpp:559]	request download_path:./low_storage/test.pptx
[22:16:53][135685514012224[INFO][asynclogger][Service.hpp:668]	evhttp_send_reply: HTTP_OK
[22:16:53][135685514012224[INFO][asynclogger][Service.hpp:92]	get req, uri: /download/test.pptx
[22:16:53][135685514012224[INFO][asynclogger][Service.hpp:545]	request resource_path:/download/test.pptx
[22:16:53][135685514012224[INFO][asynclogger][Service.hpp:559]	request download_path:./low_storage/test.pptx
[22:16:53][135685514012224[INFO][asynclogger][Service.hpp:668]	evhttp_send_reply: HTTP_OK
[22:16:53][135685514012224[INFO][asynclogger][Service.hpp:92]	get req, uri: /download/test.pptx
[22:16:53][135685514012224[INFO][asynclogger][Service.hpp:545]	request resource_path:/download/test.pptx
[22:16:53][135685514012224[INFO][asynclogger][Service.hpp:559]	request download_path:./low_storage/test.pptx
[22:16:53][135685514012224[INFO][asynclogger][Service.hpp:668]	evhttp_send_reply: HTTP_OK
[22:16:53][135685514012224[INFO][asynclogger][Service.hpp:92]	get req, uri: /download/test.pptx
[22:16:53][135685514012224[INFO][asynclogger][Service.hpp:545]	request resource_path:/download/test.pptx
[22:16:53][135685514012224[INFO][asynclogger][Service.hpp:559]	request download_path:./low_storage/test.pptx
[22:16:53][135685514012224[INFO][asynclogger][Service.hpp:668]	evhttp_send_reply: HTTP_OK
[22:16:53][135685514012224[INFO][asynclogger][Service.hpp:92]	get req, uri: /download/test.pptx
[22:16:53][135685514012224[INFO][asynclogger][Service.hpp:545]	request resource_path:/download/test.pptx
[22:16:53][135685514012224[INFO][asynclogger][Service.hpp:559]	request download_path:./low_storage/test.pptx
[22:16:53][135685514012224[INFO][asynclogger][Service.hpp:668]	evhttp_send_reply: HTTP_OK
[22:16:53][135685514012224[INFO][asynclogger][Service.hpp:92]	get req, uri: /download/test.pptx
[22:16:53][135685514012224[INFO][asynclogger][Service.hpp:545]	request resource_path:/download/test.pptx
[22:16:53][135685514012224[INFO][asynclogger][Service.hpp:559]	request download_path:./low_storage/test.pptx
[22:16:53][135685514012224[INFO][asynclogger][Service.hpp:668]	evhttp_send_reply: HTTP_OK
[22:16:53][135685514012224[INFO][asynclogger][Service.hpp:92]	get req, uri: /download/test.pptx
[22:16:53][135685514012224[INFO][asynclogger][Service.hpp:545]	request resource_path:/download/test.pptx
[22:16:53][135685514012224[INFO][asynclogger][Service.hpp:559]	request download_path:./low_storage/test.pptx
[22:16:53][135685514012224[INFO][asynclogger][Service.hpp:668]	evhttp_send_reply: HTTP_OK
[22:16:53][135685514012224[INFO][asynclogger][Service.hpp:92]	get req, uri: /download/test.pptx
[22:16:53][135685514012224[INFO][asynclogger][Service.hpp:545]	request resource_path:/download/test.pptx
[22:16:53][135685514012224[INFO][asynclogger][Service.hpp:559]	request download_path:./low_storage/test.pptx
[22:16:53][135685514012224[INFO][asynclogger][Service.hpp:668]	evhttp_send_reply: HTTP_OK
[22:16:53][135685514012224[INFO][asynclogger][Service.hpp:92]	get req, uri: /download/test.pptx
[22:16:53][135685514012224[INFO][asynclogger][Service.hpp:545]	request resource_path:/download/test.pptx
[22:16:53][135685514012224[INFO][asynclogger][Service.hpp:559]	request download_path:./low_storage/test.pptx
[22:16:53][135685514012224[INFO][asynclogger][Service.hpp:668]	evhttp_send_reply: HTTP_OK
[22:16:53][135685514012224[INFO][asynclogger][Service.hpp:92]	get req, uri: /download/test.pptx
[22:16:53][135685514012224[INFO][asynclogger][Service.hpp:545]	request resource_path:/download/test.pptx
[22:16:53][135685514012224[INFO][asynclogger][Service.hpp:559]	request download_path:./low_storage/test.pptx
[22:16:53][135685514012224[INFO][asynclogger][Service.hpp:668]	evhttp_send_reply: HTTP_OK
